2024-04-24,20:21:34.719 DEBUG spim_core.spim_base.Exaspim.schema: tigerasi on branch refs/heads/main at 3ef78a3b8faf54e96a42bbc3203af7cfeeabedca
2024-04-24,20:21:34.725 ERROR spim_core.spim_base.Exaspim.schema: tigerasi has uncommitted changes.
2024-04-24,20:21:34.726 DEBUG spim_core.spim_base.Exaspim.schema: exaspim on branch refs/heads/main at 9495ba2e267a226c2f11347c755092f9dff5a00d
2024-04-24,20:21:34.732 ERROR spim_core.spim_base.Exaspim.schema: exaspim has uncommitted changes.
2024-04-24,20:21:34.734 DEBUG spim_core.spim_base.Exaspim.schema: exaspim_main on branch refs/heads/main at 63e5a3803d49db9cc1c852304826d84e8a169c7c
2024-04-24,20:21:34.740 ERROR spim_core.spim_base.Exaspim.schema: exaspim_main has uncommitted changes.
2024-04-24,20:21:34.742 DEBUG spim_core.spim_base.Exaspim.schema: pywin on branch refs/heads/main at 63e5a3803d49db9cc1c852304826d84e8a169c7c
2024-04-24,20:21:34.748 ERROR spim_core.spim_base.Exaspim.schema: pywin has uncommitted changes.
2024-04-24,20:21:34.750 DEBUG spim_core.spim_base.Exaspim.schema: spim_core on branch refs/heads/main at 032db0d1848ce5b75a90b1152e21a66e2c6e50a2
2024-04-24,20:21:34.753 ERROR spim_core.spim_base.Exaspim.schema: spim_core has uncommitted changes.
2024-04-24,20:21:34.754 INFO spim_core.devices.tiger_components.SamplePose: Locking joystick control.
2024-04-24,20:21:34.754 DEBUG tigerasi.tiger_controller: Sending: 'J X? T? Z? F? M? N? V? W?\r'
2024-04-24,20:21:34.792 DEBUG tigerasi.tiger_controller: Reply: ':A X=2 T=23 Z=22 F=0 M=0 N=0 V=3 W=0 \r\n'
2024-04-24,20:21:34.792 DEBUG tigerasi.tiger_controller: Sending: 'J X- T- Z- F- M- N- V- W-\r'
2024-04-24,20:21:34.825 DEBUG tigerasi.tiger_controller: Reply: ':A \r\n'
2024-04-24,20:21:34.830 INFO spim_core.spim_base.Exaspim: acquisition parameters
2024-04-24,20:21:34.831 INFO spim_core.spim_base.Exaspim: axes_data
2024-04-24,20:21:34.831 DEBUG spim_core.spim_base.Exaspim: Total tiles: 1000.
2024-04-24,20:21:34.831 DEBUG spim_core.spim_base.Exaspim: Grid step: 9023.274[um] in x, 7162.848[um] in y.
2024-04-24,20:21:34.832 DEBUG spim_core.spim_base.Exaspim: Imaging operation will produce: 1 xtiles, 1 ytiles, and 1000 ztiles per channel.
2024-04-24,20:21:34.832 DEBUG tigerasi.tiger_controller: Sending: 'H X=0 V=0 Z=0\r'
2024-04-24,20:21:34.848 DEBUG tigerasi.tiger_controller: Reply: ':A\r\n'
2024-04-24,20:21:34.850 DEBUG spim_core.devices.tiger_components.SamplePose: {'x': 'x', 'y': 'v', 'z': 'z'}
2024-04-24,20:21:34.850 DEBUG spim_core.devices.tiger_components.SamplePose: moving axes {'x': 0}
2024-04-24,20:21:34.851 DEBUG spim_core.devices.tiger_components.SamplePose: Absolute move to: x=0.000 and waiting.
2024-04-24,20:21:34.851 DEBUG spim_core.devices.tiger_components.SamplePose: moving axes {'x': 0}
2024-04-24,20:21:34.851 DEBUG tigerasi.tiger_controller: Sending: 'M X=0\r'
2024-04-24,20:21:34.857 DEBUG tigerasi.tiger_controller: Reply: ':A \r\n'
2024-04-24,20:21:34.876 DEBUG tigerasi.tiger_controller: Sending: 'RS X? T? Z? F? M? N? V? W?\r'
2024-04-24,20:21:34.909 DEBUG tigerasi.tiger_controller: Reply: ':A BNNNNNNN\r\n'
2024-04-24,20:21:34.923 DEBUG tigerasi.tiger_controller: Sending: 'RS X? T? Z? F? M? N? V? W?\r'
2024-04-24,20:21:34.956 DEBUG tigerasi.tiger_controller: Reply: ':A BNNNNNNN\r\n'
2024-04-24,20:21:34.970 DEBUG tigerasi.tiger_controller: Sending: 'RS X? T? Z? F? M? N? V? W?\r'
2024-04-24,20:21:35.003 DEBUG tigerasi.tiger_controller: Reply: ':A NNNNNNNN\r\n'
2024-04-24,20:21:35.003 INFO spim_core.spim_base.Exaspim: Configuring NIDAQ
2024-04-24,20:21:35.306 DEBUG exaspim.devices.ni.NI: Adding channel /Dev1/ao0-etl to NI task
2024-04-24,20:21:35.306 DEBUG exaspim.devices.ni.NI: Channel /Dev1/ao0 voltage boundary values are -0.1 to 5.1
2024-04-24,20:21:35.307 INFO exaspim.devices.ni.NI: Could not set AOIdleOutputBehavior to HIGH_IMPEDANCE on channel /Dev1/ao0 for etl.
2024-04-24,20:21:35.307 DEBUG exaspim.devices.ni.NI: Adding channel /Dev1/ao1-camera to NI task
2024-04-24,20:21:35.308 DEBUG exaspim.devices.ni.NI: Channel /Dev1/ao1 voltage boundary values are -0.1 to 5.1
2024-04-24,20:21:35.308 INFO exaspim.devices.ni.NI: Could not set AOIdleOutputBehavior to HIGH_IMPEDANCE on channel /Dev1/ao1 for camera.
2024-04-24,20:21:35.309 DEBUG exaspim.devices.ni.NI: Adding channel /Dev1/ao2-stage to NI task
2024-04-24,20:21:35.309 DEBUG exaspim.devices.ni.NI: Channel /Dev1/ao2 voltage boundary values are -0.1 to 5.1
2024-04-24,20:21:35.310 INFO exaspim.devices.ni.NI: Could not set AOIdleOutputBehavior to HIGH_IMPEDANCE on channel /Dev1/ao2 for stage.
2024-04-24,20:21:35.310 DEBUG exaspim.devices.ni.NI: Adding channel /Dev1/ao7-488 to NI task
2024-04-24,20:21:35.310 DEBUG exaspim.devices.ni.NI: Channel /Dev1/ao7 voltage boundary values are -0.1 to 5.1
2024-04-24,20:21:35.311 INFO exaspim.devices.ni.NI: Could not set AOIdleOutputBehavior to HIGH_IMPEDANCE on channel /Dev1/ao7 for 488.
2024-04-24,20:21:35.311 DEBUG exaspim.devices.ni.NI: Adding channel /Dev1/ao4-638 to NI task
2024-04-24,20:21:35.312 DEBUG exaspim.devices.ni.NI: Channel /Dev1/ao4 voltage boundary values are -0.1 to 5.1
2024-04-24,20:21:35.312 INFO exaspim.devices.ni.NI: Could not set AOIdleOutputBehavior to HIGH_IMPEDANCE on channel /Dev1/ao4 for 638.
2024-04-24,20:21:35.312 DEBUG exaspim.devices.ni.NI: Adding channel /Dev1/ao13-561 to NI task
2024-04-24,20:21:35.313 DEBUG exaspim.devices.ni.NI: Channel /Dev1/ao13 voltage boundary values are -0.1 to 5.1
2024-04-24,20:21:35.313 INFO exaspim.devices.ni.NI: Could not set AOIdleOutputBehavior to HIGH_IMPEDANCE on channel /Dev1/ao13 for 561.
2024-04-24,20:21:35.314 DEBUG exaspim.devices.ni.NI: Adding channel /Dev1/ao6-405 to NI task
2024-04-24,20:21:35.314 DEBUG exaspim.devices.ni.NI: Channel /Dev1/ao6 voltage boundary values are -0.1 to 5.1
2024-04-24,20:21:35.315 INFO exaspim.devices.ni.NI: Could not set AOIdleOutputBehavior to HIGH_IMPEDANCE on channel /Dev1/ao6 for 405.
2024-04-24,20:21:35.315 DEBUG exaspim.devices.ni.NI: Adding channel /Dev1/ao17-galvo_a to NI task
2024-04-24,20:21:35.315 DEBUG exaspim.devices.ni.NI: Channel /Dev1/ao17 voltage boundary values are -1 to 10
2024-04-24,20:21:35.316 INFO exaspim.devices.ni.NI: Could not set AOIdleOutputBehavior to HIGH_IMPEDANCE on channel /Dev1/ao17 for galvo_a.
2024-04-24,20:21:35.316 DEBUG exaspim.devices.ni.NI: Adding channel /Dev1/ao19-galvo_b to NI task
2024-04-24,20:21:35.317 DEBUG exaspim.devices.ni.NI: Channel /Dev1/ao19 voltage boundary values are -1 to 10
2024-04-24,20:21:35.317 INFO exaspim.devices.ni.NI: Could not set AOIdleOutputBehavior to HIGH_IMPEDANCE on channel /Dev1/ao19 for galvo_b.
2024-04-24,20:21:35.321 INFO spim_core.spim_base.Exaspim: Generating waveforms.
2024-04-24,20:21:35.322 INFO exaspim.operations.generate_waveforms: Generated 1 waveforms for channels [488] 
2024-04-24,20:21:35.323 INFO exaspim.operations.generate_waveforms: Plotting waveforms for visualisation.
2024-04-24,20:21:35.381 DEBUG matplotlib.backends.backend_pdf: Assigning font /F1 = 'C:\\Users\\lab-user\\AppData\\Local\\exaspim-install\\exaSpim-UI\\.venv\\Lib\\site-packages\\matplotlib\\mpl-data\\fonts\\ttf\\DejaVuSans.ttf'
2024-04-24,20:21:35.657 DEBUG matplotlib.backends.backend_pdf: Embedding font C:\Users\lab-user\AppData\Local\exaspim-install\exaSpim-UI\.venv\Lib\site-packages\matplotlib\mpl-data\fonts\ttf\DejaVuSans.ttf.
2024-04-24,20:21:35.657 DEBUG matplotlib.backends.backend_pdf: Writing TrueType font.
2024-04-24,20:21:35.671 INFO exaspim.operations.generate_waveforms: Saving waveforms to numpy for debugging
2024-04-24,20:21:35.673 INFO spim_core.spim_base.Exaspim: Writing waveforms to hardware.
2024-04-24,20:21:35.676 DEBUG exaspim.devices.ni.NI: Writing channel ao0-etl with :
10273 samples, max=5.019333333333334, min=-0.005999999999999783, element dtype =<class 'numpy.float64'>, sequence dtype = <class 'numpy.ndarray'>
2024-04-24,20:21:35.677 DEBUG exaspim.devices.ni.NI: Writing channel ao1-camera with :
10273 samples, max=5.0, min=0.0, element dtype =<class 'numpy.float64'>, sequence dtype = <class 'numpy.ndarray'>
2024-04-24,20:21:35.678 DEBUG exaspim.devices.ni.NI: Writing channel ao2-stage with :
10273 samples, max=5.0, min=0.0, element dtype =<class 'numpy.float64'>, sequence dtype = <class 'numpy.ndarray'>
2024-04-24,20:21:35.679 DEBUG exaspim.devices.ni.NI: Writing channel ao7-488 with :
10273 samples, max=0.98, min=0.0, element dtype =<class 'numpy.float64'>, sequence dtype = <class 'numpy.ndarray'>
2024-04-24,20:21:35.680 DEBUG exaspim.devices.ni.NI: Writing channel ao4-638 with :
10273 samples, max=0.0, min=0.0, element dtype =<class 'numpy.float64'>, sequence dtype = <class 'numpy.ndarray'>
2024-04-24,20:21:35.682 DEBUG exaspim.devices.ni.NI: Writing channel ao13-561 with :
10273 samples, max=0.0, min=0.0, element dtype =<class 'numpy.float64'>, sequence dtype = <class 'numpy.ndarray'>
2024-04-24,20:21:35.683 DEBUG exaspim.devices.ni.NI: Writing channel ao6-405 with :
10273 samples, max=0.0, min=0.0, element dtype =<class 'numpy.float64'>, sequence dtype = <class 'numpy.ndarray'>
2024-04-24,20:21:35.685 DEBUG exaspim.devices.ni.NI: Writing channel ao17-galvo_a with :
10273 samples, max=-0.5, min=-0.5, element dtype =<class 'numpy.float64'>, sequence dtype = <class 'numpy.ndarray'>
2024-04-24,20:21:35.686 DEBUG exaspim.devices.ni.NI: Writing channel ao19-galvo_b with :
10273 samples, max=-0.5, min=-0.5, element dtype =<class 'numpy.float64'>, sequence dtype = <class 'numpy.ndarray'>
2024-04-24,20:21:35.695 DEBUG spim_core.spim_base.Exaspim: Moving camera to focus position -1000 for the channel 488
2024-04-24,20:21:35.696 DEBUG spim_core.devices.tiger_components.CameraPose: Absolute move to: c=-10000.000 and NOT waiting.
2024-04-24,20:21:35.696 DEBUG spim_core.devices.tiger_components.CameraPose: moving axes {'m': -10000}
2024-04-24,20:21:35.697 DEBUG tigerasi.tiger_controller: Sending: 'M M=-10000\r'
2024-04-24,20:21:35.705 DEBUG tigerasi.tiger_controller: Reply: ':A \r\n'
2024-04-24,20:21:35.705 DEBUG spim_core.devices.tiger_components.SamplePose: {'x': 'x', 'y': 'v', 'z': 'z'}
2024-04-24,20:21:35.706 DEBUG spim_core.devices.tiger_components.SamplePose: moving axes {'y': 0}
2024-04-24,20:21:35.706 DEBUG spim_core.devices.tiger_components.SamplePose: Absolute move to: y=0.000 and waiting.
2024-04-24,20:21:35.707 DEBUG spim_core.devices.tiger_components.SamplePose: moving axes {'v': 0}
2024-04-24,20:21:35.707 DEBUG tigerasi.tiger_controller: Sending: 'M V=0\r'
2024-04-24,20:21:35.713 DEBUG tigerasi.tiger_controller: Reply: ':A \r\n'
2024-04-24,20:21:35.742 DEBUG tigerasi.tiger_controller: Sending: 'RS X? T? Z? F? M? N? V? W?\r'
2024-04-24,20:21:35.776 DEBUG tigerasi.tiger_controller: Reply: ':A NNNNBNBB\r\n'
2024-04-24,20:21:35.789 DEBUG tigerasi.tiger_controller: Sending: 'RS X? T? Z? F? M? N? V? W?\r'
2024-04-24,20:21:35.822 DEBUG tigerasi.tiger_controller: Reply: ':A NNNNBNBN\r\n'
2024-04-24,20:21:35.835 DEBUG tigerasi.tiger_controller: Sending: 'RS X? T? Z? F? M? N? V? W?\r'
2024-04-24,20:21:35.869 DEBUG tigerasi.tiger_controller: Reply: ':A NNNNBNBN\r\n'
2024-04-24,20:21:35.882 DEBUG tigerasi.tiger_controller: Sending: 'RS X? T? Z? F? M? N? V? W?\r'
2024-04-24,20:21:35.915 DEBUG tigerasi.tiger_controller: Reply: ':A NNNNNNBN\r\n'
2024-04-24,20:21:35.928 DEBUG tigerasi.tiger_controller: Sending: 'RS X? T? Z? F? M? N? V? W?\r'
2024-04-24,20:21:35.961 DEBUG tigerasi.tiger_controller: Reply: ':A NNNNNNNN\r\n'
2024-04-24,20:21:35.961 INFO spim_core.spim_base.Exaspim: tile: (0, 0); stage_position: (0.000[um], 0.000[um])
2024-04-24,20:21:35.962 INFO spim_core.spim_base.Exaspim: tile data
2024-04-24,20:21:35.991 INFO spim_core.spim_base.Exaspim: system state
2024-04-24,20:21:35.991 INFO spim_core.spim_base.Exaspim: laser channel 488 acquisition settings
2024-04-24,20:21:35.991 INFO spim_core.spim_base.Exaspim: Starting background image.
2024-04-24,20:21:36.026 INFO exaspim.devices.camera.Camera: Capturing background image: 0
2024-04-24,20:21:37.117 INFO exaspim.devices.camera.Camera: Capturing background image: 1
2024-04-24,20:21:37.609 INFO exaspim.devices.camera.Camera: Capturing background image: 2
2024-04-24,20:21:38.098 INFO exaspim.devices.camera.Camera: Capturing background image: 3
2024-04-24,20:21:38.587 INFO exaspim.devices.camera.Camera: Capturing background image: 4
2024-04-24,20:21:39.078 INFO exaspim.devices.camera.Camera: Capturing background image: 5
2024-04-24,20:21:39.565 INFO exaspim.devices.camera.Camera: Capturing background image: 6
2024-04-24,20:21:40.054 INFO exaspim.devices.camera.Camera: Capturing background image: 7
2024-04-24,20:21:40.539 INFO exaspim.devices.camera.Camera: Capturing background image: 8
2024-04-24,20:21:41.031 INFO exaspim.devices.camera.Camera: Capturing background image: 9
2024-04-24,20:21:41.525 INFO exaspim.devices.camera.Camera: Averaging 10 background images
2024-04-24,20:21:54.100 INFO spim_core.spim_base.Exaspim: Completed background image.
2024-04-24,20:21:54.107 DEBUG spim_core.spim_base.Exaspim: Stack Capture starting memory usage: 2.434%
2024-04-24,20:21:54.107 DEBUG spim_core.spim_base.Exaspim: Applying extra move to take out backlash.
2024-04-24,20:21:54.108 DEBUG spim_core.devices.tiger_components.SamplePose: {'x': 'x', 'y': 'v', 'z': 'z'}
2024-04-24,20:21:54.108 DEBUG spim_core.devices.tiger_components.SamplePose: moving axes {'z': -40}
2024-04-24,20:21:54.109 DEBUG spim_core.devices.tiger_components.SamplePose: Absolute move to: z=-40.000 and waiting.
2024-04-24,20:21:54.109 DEBUG spim_core.devices.tiger_components.SamplePose: moving axes {'z': -40}
2024-04-24,20:21:54.110 DEBUG tigerasi.tiger_controller: Sending: 'M Z=-40\r'
2024-04-24,20:21:54.116 DEBUG tigerasi.tiger_controller: Reply: ':A \r\n'
2024-04-24,20:21:54.142 DEBUG tigerasi.tiger_controller: Sending: 'RS X? T? Z? F? M? N? V? W?\r'
2024-04-24,20:21:54.175 DEBUG tigerasi.tiger_controller: Reply: ':A NNBNNNNN\r\n'
2024-04-24,20:21:54.188 DEBUG tigerasi.tiger_controller: Sending: 'RS X? T? Z? F? M? N? V? W?\r'
2024-04-24,20:21:54.222 DEBUG tigerasi.tiger_controller: Reply: ':A NNNNNNNN\r\n'
2024-04-24,20:21:54.222 DEBUG spim_core.devices.tiger_components.SamplePose: {'x': 'x', 'y': 'v', 'z': 'z'}
2024-04-24,20:21:54.223 DEBUG spim_core.devices.tiger_components.SamplePose: moving axes {'z': 0}
2024-04-24,20:21:54.223 DEBUG spim_core.devices.tiger_components.SamplePose: Absolute move to: z=0.000 and waiting.
2024-04-24,20:21:54.224 DEBUG spim_core.devices.tiger_components.SamplePose: moving axes {'z': 0}
2024-04-24,20:21:54.224 DEBUG tigerasi.tiger_controller: Sending: 'M Z=0\r'
2024-04-24,20:21:54.230 DEBUG tigerasi.tiger_controller: Reply: ':A \r\n'
2024-04-24,20:21:54.250 DEBUG tigerasi.tiger_controller: Sending: 'RS X? T? Z? F? M? N? V? W?\r'
2024-04-24,20:21:54.283 DEBUG tigerasi.tiger_controller: Reply: ':A NNBNNNNN\r\n'
2024-04-24,20:21:54.297 DEBUG tigerasi.tiger_controller: Sending: 'RS X? T? Z? F? M? N? V? W?\r'
2024-04-24,20:21:54.331 DEBUG tigerasi.tiger_controller: Reply: ':A NNBNNNNN\r\n'
2024-04-24,20:21:54.343 DEBUG tigerasi.tiger_controller: Sending: 'RS X? T? Z? F? M? N? V? W?\r'
2024-04-24,20:21:54.376 DEBUG tigerasi.tiger_controller: Reply: ':A NNBNNNNN\r\n'
2024-04-24,20:21:54.389 DEBUG tigerasi.tiger_controller: Sending: 'RS X? T? Z? F? M? N? V? W?\r'
2024-04-24,20:21:54.422 DEBUG tigerasi.tiger_controller: Reply: ':A NNBNNNNN\r\n'
2024-04-24,20:21:54.435 DEBUG tigerasi.tiger_controller: Sending: 'RS X? T? Z? F? M? N? V? W?\r'
2024-04-24,20:21:54.468 DEBUG tigerasi.tiger_controller: Reply: ':A NNBNNNNN\r\n'
2024-04-24,20:21:54.482 DEBUG tigerasi.tiger_controller: Sending: 'RS X? T? Z? F? M? N? V? W?\r'
2024-04-24,20:21:54.515 DEBUG tigerasi.tiger_controller: Reply: ':A NNBNNNNN\r\n'
2024-04-24,20:21:54.529 DEBUG tigerasi.tiger_controller: Sending: 'RS X? T? Z? F? M? N? V? W?\r'
2024-04-24,20:21:54.562 DEBUG tigerasi.tiger_controller: Reply: ':A NNBNNNNN\r\n'
2024-04-24,20:21:54.575 DEBUG tigerasi.tiger_controller: Sending: 'RS X? T? Z? F? M? N? V? W?\r'
2024-04-24,20:21:54.609 DEBUG tigerasi.tiger_controller: Reply: ':A NNNNNNNN\r\n'
2024-04-24,20:21:54.609 DEBUG spim_core.devices.tiger_components.SamplePose: Provisioning tigerbox for externally triggered TTL relative move on axis z will be 10.0 steps per pulse
2024-04-24,20:21:54.610 DEBUG tigerasi.tiger_controller: Sending: 'RM X=0 Y=4\r'
2024-04-24,20:21:54.621 DEBUG tigerasi.tiger_controller: Reply: ':A \r\n'
2024-04-24,20:21:54.621 DEBUG tigerasi.tiger_controller: Sending: 'RM X=0 Y=4 F=1\r'
2024-04-24,20:21:54.636 DEBUG tigerasi.tiger_controller: Reply: ':A \r\n'
2024-04-24,20:21:54.636 DEBUG tigerasi.tiger_controller: Sending: 'LD Z=10.0\r'
2024-04-24,20:21:54.648 DEBUG tigerasi.tiger_controller: Reply: ':A\r\n'
2024-04-24,20:21:54.649 DEBUG tigerasi.tiger_controller: Sending: '32TTL  X=12  Y=2  Z=0  F=1  R=0  T=0\r'
2024-04-24,20:21:54.679 DEBUG tigerasi.tiger_controller: Reply: ':A \r\n'
2024-04-24,20:21:54.682 DEBUG spim_core.spim_base.Exaspim: Creating StackWriter for 488[nm] channel.
2024-04-24,20:21:55.616 DEBUG spim_core.spim_base.Exaspim: chunk_count is 16
2024-04-24,20:21:55.616 DEBUG spim_core.spim_base.Exaspim: chunk_size is 64
2024-04-24,20:21:55.617 DEBUG spim_core.spim_base.Exaspim: remainder size is 40
2024-04-24,20:21:55.618 DEBUG spim_core.spim_base.Exaspim: last_chunk_size size is 40
2024-04-24,20:21:55.641 INFO spim_core.spim_base.Exaspim: About to capute 1000 total frames
2024-04-24,20:21:55.642 DEBUG spim_core.spim_base.Exaspim: Chunk_index is 0
2024-04-24,20:21:55.642 DEBUG spim_core.spim_base.Exaspim: Grabbing chunk 1/16
2024-04-24,20:21:55.648 DEBUG spim_core.spim_base.Exaspim: Current memory usage: 3.470%
2024-04-24,20:21:55.648 DEBUG spim_core.spim_base.Exaspim: Setting ni card pulses count to 64
2024-04-24,20:21:55.649 DEBUG exaspim.devices.ni.NI: Setting counter task count to 64 pulses.
2024-04-24,20:21:55.657 DEBUG spim_core.spim_base.Exaspim: Grabbing frame         1/1000 for 488[nm] channel.
2024-04-24,20:21:56.441 DEBUG exaspim.devices.camera.Camera: frame: 1, input buffer size: 8, output buffer size: 0, dropped_frames: 0, data rate: 0.00 [MB/s], frame rate: 0.00 [fps].
2024-04-24,20:21:56.442 DEBUG spim_core.spim_base.Exaspim: Chunk_index is 1
2024-04-24,20:21:56.443 DEBUG spim_core.spim_base.Exaspim: Grabbing frame         2/1000 for 488[nm] channel.
2024-04-24,20:21:57.354 DEBUG exaspim.devices.camera.Camera: frame: 2, input buffer size: 8, output buffer size: 0, dropped_frames: 0, data rate: 379.89 [MB/s], frame rate: 1.26 [fps].
2024-04-24,20:21:57.356 DEBUG spim_core.spim_base.Exaspim: Chunk_index is 2
2024-04-24,20:21:57.356 DEBUG spim_core.spim_base.Exaspim: Grabbing frame         3/1000 for 488[nm] channel.
2024-04-24,20:21:58.409 DEBUG exaspim.devices.camera.Camera: frame: 3, input buffer size: 8, output buffer size: 0, dropped_frames: 0, data rate: 293.92 [MB/s], frame rate: 0.97 [fps].
2024-04-24,20:21:58.410 DEBUG spim_core.spim_base.Exaspim: Chunk_index is 3
2024-04-24,20:21:58.411 DEBUG spim_core.spim_base.Exaspim: Grabbing frame         4/1000 for 488[nm] channel.
2024-04-24,20:21:59.434 DEBUG exaspim.devices.camera.Camera: frame: 4, input buffer size: 8, output buffer size: 0, dropped_frames: 0, data rate: 293.94 [MB/s], frame rate: 0.97 [fps].
2024-04-24,20:21:59.436 DEBUG spim_core.spim_base.Exaspim: Chunk_index is 4
2024-04-24,20:21:59.437 DEBUG spim_core.spim_base.Exaspim: Grabbing frame         5/1000 for 488[nm] channel.
2024-04-24,20:22:00.467 DEBUG exaspim.devices.camera.Camera: frame: 5, input buffer size: 8, output buffer size: 0, dropped_frames: 0, data rate: 293.92 [MB/s], frame rate: 0.97 [fps].
2024-04-24,20:22:00.469 DEBUG spim_core.spim_base.Exaspim: Chunk_index is 5
2024-04-24,20:22:00.469 DEBUG spim_core.spim_base.Exaspim: Grabbing frame         6/1000 for 488[nm] channel.
2024-04-24,20:22:01.498 DEBUG exaspim.devices.camera.Camera: frame: 6, input buffer size: 8, output buffer size: 0, dropped_frames: 0, data rate: 293.94 [MB/s], frame rate: 0.97 [fps].
2024-04-24,20:22:01.500 DEBUG spim_core.spim_base.Exaspim: Chunk_index is 6
2024-04-24,20:22:01.500 DEBUG spim_core.spim_base.Exaspim: Grabbing frame         7/1000 for 488[nm] channel.
2024-04-24,20:22:02.534 DEBUG exaspim.devices.camera.Camera: frame: 7, input buffer size: 8, output buffer size: 0, dropped_frames: 0, data rate: 293.92 [MB/s], frame rate: 0.97 [fps].
2024-04-24,20:22:02.536 DEBUG spim_core.spim_base.Exaspim: Chunk_index is 7
2024-04-24,20:22:02.536 DEBUG spim_core.spim_base.Exaspim: Grabbing frame         8/1000 for 488[nm] channel.
2024-04-24,20:22:03.563 DEBUG exaspim.devices.camera.Camera: frame: 8, input buffer size: 8, output buffer size: 0, dropped_frames: 0, data rate: 293.92 [MB/s], frame rate: 0.97 [fps].
2024-04-24,20:22:03.565 DEBUG spim_core.spim_base.Exaspim: Chunk_index is 8
2024-04-24,20:22:03.565 DEBUG spim_core.spim_base.Exaspim: Grabbing frame         9/1000 for 488[nm] channel.
2024-04-24,20:22:04.576 DEBUG exaspim.devices.camera.Camera: frame: 9, input buffer size: 8, output buffer size: 0, dropped_frames: 0, data rate: 293.94 [MB/s], frame rate: 0.97 [fps].
2024-04-24,20:22:04.578 DEBUG spim_core.spim_base.Exaspim: Chunk_index is 9
2024-04-24,20:22:04.579 DEBUG spim_core.spim_base.Exaspim: Grabbing frame        10/1000 for 488[nm] channel.
2024-04-24,20:22:05.608 DEBUG exaspim.devices.camera.Camera: frame: 10, input buffer size: 8, output buffer size: 0, dropped_frames: 0, data rate: 293.92 [MB/s], frame rate: 0.97 [fps].
2024-04-24,20:22:05.610 DEBUG spim_core.spim_base.Exaspim: Chunk_index is 10
2024-04-24,20:22:05.610 DEBUG spim_core.spim_base.Exaspim: Grabbing frame        11/1000 for 488[nm] channel.
2024-04-24,20:22:06.622 DEBUG exaspim.devices.camera.Camera: frame: 11, input buffer size: 8, output buffer size: 0, dropped_frames: 0, data rate: 293.92 [MB/s], frame rate: 0.97 [fps].
2024-04-24,20:22:06.623 DEBUG spim_core.spim_base.Exaspim: Chunk_index is 11
2024-04-24,20:22:06.623 DEBUG spim_core.spim_base.Exaspim: Grabbing frame        12/1000 for 488[nm] channel.
2024-04-24,20:22:07.653 DEBUG exaspim.devices.camera.Camera: frame: 12, input buffer size: 8, output buffer size: 0, dropped_frames: 0, data rate: 293.94 [MB/s], frame rate: 0.97 [fps].
2024-04-24,20:22:07.655 DEBUG spim_core.spim_base.Exaspim: Chunk_index is 12
2024-04-24,20:22:07.655 DEBUG spim_core.spim_base.Exaspim: Grabbing frame        13/1000 for 488[nm] channel.
2024-04-24,20:22:08.683 DEBUG exaspim.devices.camera.Camera: frame: 13, input buffer size: 8, output buffer size: 0, dropped_frames: 0, data rate: 293.92 [MB/s], frame rate: 0.97 [fps].
2024-04-24,20:22:08.685 DEBUG spim_core.spim_base.Exaspim: Chunk_index is 13
2024-04-24,20:22:08.685 DEBUG spim_core.spim_base.Exaspim: Grabbing frame        14/1000 for 488[nm] channel.
2024-04-24,20:22:09.714 DEBUG exaspim.devices.camera.Camera: frame: 14, input buffer size: 8, output buffer size: 0, dropped_frames: 0, data rate: 293.93 [MB/s], frame rate: 0.97 [fps].
2024-04-24,20:22:09.716 DEBUG spim_core.spim_base.Exaspim: Chunk_index is 14
2024-04-24,20:22:09.716 DEBUG spim_core.spim_base.Exaspim: Grabbing frame        15/1000 for 488[nm] channel.
2024-04-24,20:22:10.735 DEBUG exaspim.devices.camera.Camera: frame: 15, input buffer size: 8, output buffer size: 0, dropped_frames: 0, data rate: 293.94 [MB/s], frame rate: 0.97 [fps].
2024-04-24,20:22:10.737 DEBUG spim_core.spim_base.Exaspim: Chunk_index is 15
2024-04-24,20:22:10.737 DEBUG spim_core.spim_base.Exaspim: Grabbing frame        16/1000 for 488[nm] channel.
2024-04-24,20:22:11.763 DEBUG exaspim.devices.camera.Camera: frame: 16, input buffer size: 8, output buffer size: 0, dropped_frames: 0, data rate: 293.92 [MB/s], frame rate: 0.97 [fps].
2024-04-24,20:22:11.764 DEBUG spim_core.spim_base.Exaspim: Chunk_index is 16
2024-04-24,20:22:11.765 DEBUG spim_core.spim_base.Exaspim: Grabbing frame        17/1000 for 488[nm] channel.
2024-04-24,20:22:12.792 DEBUG exaspim.devices.camera.Camera: frame: 17, input buffer size: 8, output buffer size: 0, dropped_frames: 0, data rate: 293.91 [MB/s], frame rate: 0.97 [fps].
2024-04-24,20:22:12.794 DEBUG spim_core.spim_base.Exaspim: Chunk_index is 17
2024-04-24,20:22:12.794 DEBUG spim_core.spim_base.Exaspim: Grabbing frame        18/1000 for 488[nm] channel.
2024-04-24,20:22:13.832 DEBUG exaspim.devices.camera.Camera: frame: 18, input buffer size: 8, output buffer size: 0, dropped_frames: 0, data rate: 293.95 [MB/s], frame rate: 0.97 [fps].
2024-04-24,20:22:13.834 DEBUG spim_core.spim_base.Exaspim: Chunk_index is 18
2024-04-24,20:22:13.834 DEBUG spim_core.spim_base.Exaspim: Grabbing frame        19/1000 for 488[nm] channel.
2024-04-24,20:22:14.858 DEBUG exaspim.devices.camera.Camera: frame: 19, input buffer size: 8, output buffer size: 0, dropped_frames: 0, data rate: 293.92 [MB/s], frame rate: 0.97 [fps].
2024-04-24,20:22:14.860 DEBUG spim_core.spim_base.Exaspim: Chunk_index is 19
2024-04-24,20:22:14.860 DEBUG spim_core.spim_base.Exaspim: Grabbing frame        20/1000 for 488[nm] channel.
2024-04-24,20:22:15.877 DEBUG exaspim.devices.camera.Camera: frame: 20, input buffer size: 8, output buffer size: 0, dropped_frames: 0, data rate: 293.92 [MB/s], frame rate: 0.97 [fps].
2024-04-24,20:22:15.878 DEBUG spim_core.spim_base.Exaspim: Chunk_index is 20
2024-04-24,20:22:15.879 DEBUG spim_core.spim_base.Exaspim: Grabbing frame        21/1000 for 488[nm] channel.
2024-04-24,20:22:16.906 DEBUG exaspim.devices.camera.Camera: frame: 21, input buffer size: 8, output buffer size: 0, dropped_frames: 0, data rate: 293.94 [MB/s], frame rate: 0.97 [fps].
2024-04-24,20:22:16.908 DEBUG spim_core.spim_base.Exaspim: Chunk_index is 21
2024-04-24,20:22:16.908 DEBUG spim_core.spim_base.Exaspim: Grabbing frame        22/1000 for 488[nm] channel.
2024-04-24,20:22:17.936 DEBUG exaspim.devices.camera.Camera: frame: 22, input buffer size: 8, output buffer size: 0, dropped_frames: 0, data rate: 293.92 [MB/s], frame rate: 0.97 [fps].
2024-04-24,20:22:17.938 DEBUG spim_core.spim_base.Exaspim: Chunk_index is 22
2024-04-24,20:22:17.938 DEBUG spim_core.spim_base.Exaspim: Grabbing frame        23/1000 for 488[nm] channel.
2024-04-24,20:22:18.955 DEBUG exaspim.devices.camera.Camera: frame: 23, input buffer size: 8, output buffer size: 0, dropped_frames: 0, data rate: 293.94 [MB/s], frame rate: 0.97 [fps].
2024-04-24,20:22:18.957 DEBUG spim_core.spim_base.Exaspim: Chunk_index is 23
2024-04-24,20:22:18.957 DEBUG spim_core.spim_base.Exaspim: Grabbing frame        24/1000 for 488[nm] channel.
2024-04-24,20:22:19.985 DEBUG exaspim.devices.camera.Camera: frame: 24, input buffer size: 8, output buffer size: 0, dropped_frames: 0, data rate: 293.92 [MB/s], frame rate: 0.97 [fps].
2024-04-24,20:22:19.986 DEBUG spim_core.spim_base.Exaspim: Chunk_index is 24
2024-04-24,20:22:19.987 DEBUG spim_core.spim_base.Exaspim: Grabbing frame        25/1000 for 488[nm] channel.
2024-04-24,20:22:21.012 DEBUG exaspim.devices.camera.Camera: frame: 25, input buffer size: 8, output buffer size: 0, dropped_frames: 0, data rate: 293.92 [MB/s], frame rate: 0.97 [fps].
2024-04-24,20:22:21.014 DEBUG spim_core.spim_base.Exaspim: Chunk_index is 25
2024-04-24,20:22:21.014 DEBUG spim_core.spim_base.Exaspim: Grabbing frame        26/1000 for 488[nm] channel.
2024-04-24,20:22:22.042 DEBUG exaspim.devices.camera.Camera: frame: 26, input buffer size: 8, output buffer size: 0, dropped_frames: 0, data rate: 293.94 [MB/s], frame rate: 0.97 [fps].
2024-04-24,20:22:22.044 DEBUG spim_core.spim_base.Exaspim: Chunk_index is 26
2024-04-24,20:22:22.044 DEBUG spim_core.spim_base.Exaspim: Grabbing frame        27/1000 for 488[nm] channel.
2024-04-24,20:22:23.074 DEBUG exaspim.devices.camera.Camera: frame: 27, input buffer size: 8, output buffer size: 0, dropped_frames: 0, data rate: 293.92 [MB/s], frame rate: 0.97 [fps].
2024-04-24,20:22:23.075 DEBUG spim_core.spim_base.Exaspim: Chunk_index is 27
2024-04-24,20:22:23.076 DEBUG spim_core.spim_base.Exaspim: Grabbing frame        28/1000 for 488[nm] channel.
2024-04-24,20:22:24.107 DEBUG exaspim.devices.camera.Camera: frame: 28, input buffer size: 8, output buffer size: 0, dropped_frames: 0, data rate: 293.93 [MB/s], frame rate: 0.97 [fps].
2024-04-24,20:22:24.649 DEBUG spim_core.spim_base.Exaspim: Chunk_index is 28
2024-04-24,20:22:24.649 DEBUG spim_core.spim_base.Exaspim: Grabbing frame        29/1000 for 488[nm] channel.
2024-04-24,20:22:25.132 DEBUG exaspim.devices.camera.Camera: frame: 29, input buffer size: 8, output buffer size: 0, dropped_frames: 0, data rate: 293.94 [MB/s], frame rate: 0.97 [fps].
2024-04-24,20:22:25.134 DEBUG spim_core.spim_base.Exaspim: Chunk_index is 29
2024-04-24,20:22:25.134 DEBUG spim_core.spim_base.Exaspim: Grabbing frame        30/1000 for 488[nm] channel.
